  Source.cpp
D:\Muhammed Abu Hadhoud\11 - OOP as it Should Be (Applications)\Code\BankSystemUsingOrganize\BankSystemUsingOrganize\clsString.h(39,25): warning C4267: 'return': conversion from 'size_t' to 'short', possible loss of data
D:\Muhammed Abu Hadhoud\11 - OOP as it Should Be (Applications)\Code\BankSystemUsingOrganize\BankSystemUsingOrganize\clsString.h(44,29): warning C4267: 'return': conversion from 'size_t' to 'short', possible loss of data
D:\Muhammed Abu Hadhoud\11 - OOP as it Should Be (Applications)\Code\BankSystemUsingOrganize\BankSystemUsingOrganize\clsString.h(56,30): warning C4267: '=': conversion from 'size_t' to 'short', possible loss of data
D:\Muhammed Abu Hadhoud\11 - OOP as it Should Be (Applications)\Code\BankSystemUsingOrganize\BankSystemUsingOrganize\clsString.h(193,29): warning C4267: 'return': conversion from 'size_t' to 'short', possible loss of data
D:\Muhammed Abu Hadhoud\11 - OOP as it Should Be (Applications)\Code\BankSystemUsingOrganize\BankSystemUsingOrganize\clsString.h(324,30): warning C4267: '=': conversion from 'size_t' to 'short', possible loss of data
D:\Muhammed Abu Hadhoud\11 - OOP as it Should Be (Applications)\Code\BankSystemUsingOrganize\BankSystemUsingOrganize\clsString.h(372,22): warning C4267: 'initializing': conversion from 'size_t' to 'short', possible loss of data
D:\Muhammed Abu Hadhoud\11 - OOP as it Should Be (Applications)\Code\BankSystemUsingOrganize\BankSystemUsingOrganize\clsInputValidate.h(149,16): warning C4244: 'initializing': conversion from 'double' to 'float', possible loss of data
D:\Muhammed Abu Hadhoud\11 - OOP as it Should Be (Applications)\Code\BankSystemUsingOrganize\BankSystemUsingOrganize\clsInputValidate.h(153,26): warning C4244: '=': conversion from 'double' to 'float', possible loss of data
D:\Muhammed Abu Hadhoud\11 - OOP as it Should Be (Applications)\Code\BankSystemUsingOrganize\BankSystemUsingOrganize\clsUtil.h(65,5): warning C4102: 'defualt': unreferenced label
D:\Muhammed Abu Hadhoud\11 - OOP as it Should Be (Applications)\Code\BankSystemUsingOrganize\BankSystemUsingOrganize\clsUser.h(213,2): warning C4240: nonstandard extension used: access to 'clsUser::stLoginRegisterRecord' now defined to be 'public', previously it was defined to be 'private'
D:\Muhammed Abu Hadhoud\11 - OOP as it Should Be (Applications)\Code\BankSystemUsingOrganize\BankSystemUsingOrganize\clsUser.h(40,9): message : see declaration of 'clsUser::stLoginRegisterRecord'
D:\Muhammed Abu Hadhoud\11 - OOP as it Should Be (Applications)\Code\BankSystemUsingOrganize\BankSystemUsingOrganize\clsBankClient.h(167,34): warning C4240: nonstandard extension used: access to 'clsBankClient::stTransferRegisterRecord' now defined to be 'public', previously it was defined to be 'private'
D:\Muhammed Abu Hadhoud\11 - OOP as it Should Be (Applications)\Code\BankSystemUsingOrganize\BankSystemUsingOrganize\clsBankClient.h(51,9): message : see declaration of 'clsBankClient::stTransferRegisterRecord'
D:\Muhammed Abu Hadhoud\11 - OOP as it Should Be (Applications)\Code\BankSystemUsingOrganize\BankSystemUsingOrganize\clsBankClient.h(375,22): warning C4244: '+=': conversion from 'double' to 'float', possible loss of data
D:\Muhammed Abu Hadhoud\11 - OOP as it Should Be (Applications)\Code\BankSystemUsingOrganize\BankSystemUsingOrganize\clsBankClient.h(386,23): warning C4244: '-=': conversion from 'double' to 'float', possible loss of data
D:\Muhammed Abu Hadhoud\11 - OOP as it Should Be (Applications)\Code\BankSystemUsingOrganize\BankSystemUsingOrganize\clsTotalBalancesScreen.h(55,79): warning C4244: 'argument': conversion from 'double' to 'int', possible loss of data
D:\Muhammed Abu Hadhoud\11 - OOP as it Should Be (Applications)\Code\BankSystemUsingOrganize\BankSystemUsingOrganize\clsBankClient.h(325): warning C4715: 'clsBankClient::Save': not all control paths return a value
D:\Muhammed Abu Hadhoud\11 - OOP as it Should Be (Applications)\Code\BankSystemUsingOrganize\BankSystemUsingOrganize\clsUser.h(369): warning C4715: 'clsUser::Save': not all control paths return a value
D:\Muhammed Abu Hadhoud\11 - OOP as it Should Be (Applications)\Code\BankSystemUsingOrganize\BankSystemUsingOrganize\clsBankClient.h(389): warning C4715: 'clsBankClient::Withdraw': not all control paths return a value
  BankSystemUsingOrganize.vcxproj -> D:\Muhammed Abu Hadhoud\11 - OOP as it Should Be (Applications)\Code\BankSystemUsingOrganize\x64\Debug\BankSystemUsingOrganize.exe
